<?xml version="1.0" encoding="UTF-8"?>
<testsuite xmlns:xsi="http://www.w3.org/2001/XMLSchema-instance" xsi:noNamespaceSchemaLocation="https://maven.apache.org/surefire/maven-surefire-plugin/xsd/surefire-test-report.xsd" name="com.example.demo090.marketApplicationTests" time="0.326" tests="1" errors="1" skipped="0" failures="0">
  <properties>
    <property name="java.specification.version" value="13"/>
    <property name="sun.cpu.isalist" value="amd64"/>
    <property name="sun.jnu.encoding" value="GBK"/>
    <property name="java.class.path" value="D:\ideaProjects\springboot_market\target\test-classes;D:\ideaProjects\springboot_market\target\classes;C:\apache-maven-3.6.3\MavenRepository\maven_jar\org\springframework\boot\spring-boot-starter-web\2.2.5.RELEASE\spring-boot-starter-web-2.2.5.RELEASE.jar;C:\apache-maven-3.6.3\MavenRepository\maven_jar\org\springframework\boot\spring-boot-starter\2.2.5.RELEASE\spring-boot-starter-2.2.5.RELEASE.jar;C:\apache-maven-3.6.3\MavenRepository\maven_jar\org\springframework\boot\spring-boot-starter-logging\2.2.5.RELEASE\spring-boot-starter-logging-2.2.5.RELEASE.jar;C:\apache-maven-3.6.3\MavenRepository\maven_jar\ch\qos\logback\logback-classic\1.2.3\logback-classic-1.2.3.jar;C:\apache-maven-3.6.3\MavenRepository\maven_jar\ch\qos\logback\logback-core\1.2.3\logback-core-1.2.3.jar;C:\apache-maven-3.6.3\MavenRepository\maven_jar\org\apache\logging\log4j\log4j-to-slf4j\2.12.1\log4j-to-slf4j-2.12.1.jar;C:\apache-maven-3.6.3\MavenRepository\maven_jar\org\apache\logging\log4j\log4j-api\2.12.1\log4j-api-2.12.1.jar;C:\apache-maven-3.6.3\MavenRepository\maven_jar\org\slf4j\jul-to-slf4j\1.7.30\jul-to-slf4j-1.7.30.jar;C:\apache-maven-3.6.3\MavenRepository\maven_jar\jakarta\annotation\jakarta.annotation-api\1.3.5\jakarta.annotation-api-1.3.5.jar;C:\apache-maven-3.6.3\MavenRepository\maven_jar\org\yaml\snakeyaml\1.25\snakeyaml-1.25.jar;C:\apache-maven-3.6.3\MavenRepository\maven_jar\org\springframework\boot\spring-boot-starter-json\2.2.5.RELEASE\spring-boot-starter-json-2.2.5.RELEASE.jar;C:\apache-maven-3.6.3\MavenRepository\maven_jar\com\fasterxml\jackson\core\jackson-databind\2.10.2\jackson-databind-2.10.2.jar;C:\apache-maven-3.6.3\MavenRepository\maven_jar\com\fasterxml\jackson\core\jackson-annotations\2.10.2\jackson-annotations-2.10.2.jar;C:\apache-maven-3.6.3\MavenRepository\maven_jar\com\fasterxml\jackson\core\jackson-core\2.10.2\jackson-core-2.10.2.jar;C:\apache-maven-3.6.3\MavenRepository\maven_jar\com\fasterxml\jackson\datatype\jackson-datatype-jdk8\2.10.2\jackson-datatype-jdk8-2.10.2.jar;C:\apache-maven-3.6.3\MavenRepository\maven_jar\com\fasterxml\jackson\datatype\jackson-datatype-jsr310\2.10.2\jackson-datatype-jsr310-2.10.2.jar;C:\apache-maven-3.6.3\MavenRepository\maven_jar\com\fasterxml\jackson\module\jackson-module-parameter-names\2.10.2\jackson-module-parameter-names-2.10.2.jar;C:\apache-maven-3.6.3\MavenRepository\maven_jar\org\springframework\boot\spring-boot-starter-tomcat\2.2.5.RELEASE\spring-boot-starter-tomcat-2.2.5.RELEASE.jar;C:\apache-maven-3.6.3\MavenRepository\maven_jar\org\apache\tomcat\embed\tomcat-embed-core\9.0.31\tomcat-embed-core-9.0.31.jar;C:\apache-maven-3.6.3\MavenRepository\maven_jar\org\apache\tomcat\embed\tomcat-embed-el\9.0.31\tomcat-embed-el-9.0.31.jar;C:\apache-maven-3.6.3\MavenRepository\maven_jar\org\apache\tomcat\embed\tomcat-embed-websocket\9.0.31\tomcat-embed-websocket-9.0.31.jar;C:\apache-maven-3.6.3\MavenRepository\maven_jar\org\springframework\boot\spring-boot-starter-validation\2.2.5.RELEASE\spring-boot-starter-validation-2.2.5.RELEASE.jar;C:\apache-maven-3.6.3\MavenRepository\maven_jar\jakarta\validation\jakarta.validation-api\2.0.2\jakarta.validation-api-2.0.2.jar;C:\apache-maven-3.6.3\MavenRepository\maven_jar\org\hibernate\validator\hibernate-validator\6.0.18.Final\hibernate-validator-6.0.18.Final.jar;C:\apache-maven-3.6.3\MavenRepository\maven_jar\org\springframework\spring-web\5.2.4.RELEASE\spring-web-5.2.4.RELEASE.jar;C:\apache-maven-3.6.3\MavenRepository\maven_jar\org\springframework\spring-beans\5.2.4.RELEASE\spring-beans-5.2.4.RELEASE.jar;C:\apache-maven-3.6.3\MavenRepository\maven_jar\org\springframework\spring-webmvc\5.2.4.RELEASE\spring-webmvc-5.2.4.RELEASE.jar;C:\apache-maven-3.6.3\MavenRepository\maven_jar\org\springframework\spring-aop\5.2.4.RELEASE\spring-aop-5.2.4.RELEASE.jar;C:\apache-maven-3.6.3\MavenRepository\maven_jar\org\springframework\spring-context\5.2.4.RELEASE\spring-context-5.2.4.RELEASE.jar;C:\apache-maven-3.6.3\MavenRepository\maven_jar\org\springframework\spring-expression\5.2.4.RELEASE\spring-expression-5.2.4.RELEASE.jar;C:\apache-maven-3.6.3\MavenRepository\maven_jar\org\springframework\boot\spring-boot-devtools\2.2.5.RELEASE\spring-boot-devtools-2.2.5.RELEASE.jar;C:\apache-maven-3.6.3\MavenRepository\maven_jar\org\springframework\boot\spring-boot\2.2.5.RELEASE\spring-boot-2.2.5.RELEASE.jar;C:\apache-maven-3.6.3\MavenRepository\maven_jar\org\springframework\boot\spring-boot-autoconfigure\2.2.5.RELEASE\spring-boot-autoconfigure-2.2.5.RELEASE.jar;C:\apache-maven-3.6.3\MavenRepository\maven_jar\org\springframework\boot\spring-boot-configuration-processor\2.2.5.RELEASE\spring-boot-configuration-processor-2.2.5.RELEASE.jar;C:\apache-maven-3.6.3\MavenRepository\maven_jar\org\projectlombok\lombok\1.18.12\lombok-1.18.12.jar;C:\apache-maven-3.6.3\MavenRepository\maven_jar\org\springframework\boot\spring-boot-starter-test\2.2.5.RELEASE\spring-boot-starter-test-2.2.5.RELEASE.jar;C:\apache-maven-3.6.3\MavenRepository\maven_jar\org\springframework\boot\spring-boot-test\2.2.5.RELEASE\spring-boot-test-2.2.5.RELEASE.jar;C:\apache-maven-3.6.3\MavenRepository\maven_jar\org\springframework\boot\spring-boot-test-autoconfigure\2.2.5.RELEASE\spring-boot-test-autoconfigure-2.2.5.RELEASE.jar;C:\apache-maven-3.6.3\MavenRepository\maven_jar\com\jayway\jsonpath\json-path\2.4.0\json-path-2.4.0.jar;C:\apache-maven-3.6.3\MavenRepository\maven_jar\net\minidev\json-smart\2.3\json-smart-2.3.jar;C:\apache-maven-3.6.3\MavenRepository\maven_jar\net\minidev\accessors-smart\1.2\accessors-smart-1.2.jar;C:\apache-maven-3.6.3\MavenRepository\maven_jar\org\ow2\asm\asm\5.0.4\asm-5.0.4.jar;C:\apache-maven-3.6.3\MavenRepository\maven_jar\org\slf4j\slf4j-api\1.7.30\slf4j-api-1.7.30.jar;C:\apache-maven-3.6.3\MavenRepository\maven_jar\jakarta\xml\bind\jakarta.xml.bind-api\2.3.2\jakarta.xml.bind-api-2.3.2.jar;C:\apache-maven-3.6.3\MavenRepository\maven_jar\org\junit\jupiter\junit-jupiter\5.5.2\junit-jupiter-5.5.2.jar;C:\apache-maven-3.6.3\MavenRepository\maven_jar\org\junit\jupiter\junit-jupiter-api\5.5.2\junit-jupiter-api-5.5.2.jar;C:\apache-maven-3.6.3\MavenRepository\maven_jar\org\apiguardian\apiguardian-api\1.1.0\apiguardian-api-1.1.0.jar;C:\apache-maven-3.6.3\MavenRepository\maven_jar\org\opentest4j\opentest4j\1.2.0\opentest4j-1.2.0.jar;C:\apache-maven-3.6.3\MavenRepository\maven_jar\org\junit\platform\junit-platform-commons\1.5.2\junit-platform-commons-1.5.2.jar;C:\apache-maven-3.6.3\MavenRepository\maven_jar\org\junit\jupiter\junit-jupiter-params\5.5.2\junit-jupiter-params-5.5.2.jar;C:\apache-maven-3.6.3\MavenRepository\maven_jar\org\junit\jupiter\junit-jupiter-engine\5.5.2\junit-jupiter-engine-5.5.2.jar;C:\apache-maven-3.6.3\MavenRepository\maven_jar\org\junit\platform\junit-platform-engine\1.5.2\junit-platform-engine-1.5.2.jar;C:\apache-maven-3.6.3\MavenRepository\maven_jar\org\mockito\mockito-junit-jupiter\3.1.0\mockito-junit-jupiter-3.1.0.jar;C:\apache-maven-3.6.3\MavenRepository\maven_jar\org\assertj\assertj-core\3.13.2\assertj-core-3.13.2.jar;C:\apache-maven-3.6.3\MavenRepository\maven_jar\org\hamcrest\hamcrest\2.1\hamcrest-2.1.jar;C:\apache-maven-3.6.3\MavenRepository\maven_jar\org\mockito\mockito-core\3.1.0\mockito-core-3.1.0.jar;C:\apache-maven-3.6.3\MavenRepository\maven_jar\net\bytebuddy\byte-buddy\1.10.8\byte-buddy-1.10.8.jar;C:\apache-maven-3.6.3\MavenRepository\maven_jar\net\bytebuddy\byte-buddy-agent\1.10.8\byte-buddy-agent-1.10.8.jar;C:\apache-maven-3.6.3\MavenRepository\maven_jar\org\objenesis\objenesis\2.6\objenesis-2.6.jar;C:\apache-maven-3.6.3\MavenRepository\maven_jar\org\skyscreamer\jsonassert\1.5.0\jsonassert-1.5.0.jar;C:\apache-maven-3.6.3\MavenRepository\maven_jar\com\vaadin\external\google\android-json\0.0.20131108.vaadin1\android-json-0.0.20131108.vaadin1.jar;C:\apache-maven-3.6.3\MavenRepository\maven_jar\org\springframework\spring-core\5.2.4.RELEASE\spring-core-5.2.4.RELEASE.jar;C:\apache-maven-3.6.3\MavenRepository\maven_jar\org\springframework\spring-jcl\5.2.4.RELEASE\spring-jcl-5.2.4.RELEASE.jar;C:\apache-maven-3.6.3\MavenRepository\maven_jar\org\springframework\spring-test\5.2.4.RELEASE\spring-test-5.2.4.RELEASE.jar;C:\apache-maven-3.6.3\MavenRepository\maven_jar\org\xmlunit\xmlunit-core\2.6.3\xmlunit-core-2.6.3.jar;C:\apache-maven-3.6.3\MavenRepository\maven_jar\mysql\mysql-connector-java\8.0.11\mysql-connector-java-8.0.11.jar;C:\apache-maven-3.6.3\MavenRepository\maven_jar\org\springframework\boot\spring-boot-starter-data-jpa\2.2.5.RELEASE\spring-boot-starter-data-jpa-2.2.5.RELEASE.jar;C:\apache-maven-3.6.3\MavenRepository\maven_jar\org\springframework\boot\spring-boot-starter-aop\2.2.5.RELEASE\spring-boot-starter-aop-2.2.5.RELEASE.jar;C:\apache-maven-3.6.3\MavenRepository\maven_jar\org\aspectj\aspectjweaver\1.9.5\aspectjweaver-1.9.5.jar;C:\apache-maven-3.6.3\MavenRepository\maven_jar\org\springframework\boot\spring-boot-starter-jdbc\2.2.5.RELEASE\spring-boot-starter-jdbc-2.2.5.RELEASE.jar;C:\apache-maven-3.6.3\MavenRepository\maven_jar\com\zaxxer\HikariCP\3.4.2\HikariCP-3.4.2.jar;C:\apache-maven-3.6.3\MavenRepository\maven_jar\org\springframework\spring-jdbc\5.2.4.RELEASE\spring-jdbc-5.2.4.RELEASE.jar;C:\apache-maven-3.6.3\MavenRepository\maven_jar\jakarta\activation\jakarta.activation-api\1.2.2\jakarta.activation-api-1.2.2.jar;C:\apache-maven-3.6.3\MavenRepository\maven_jar\jakarta\persistence\jakarta.persistence-api\2.2.3\jakarta.persistence-api-2.2.3.jar;C:\apache-maven-3.6.3\MavenRepository\maven_jar\jakarta\transaction\jakarta.transaction-api\1.3.3\jakarta.transaction-api-1.3.3.jar;C:\apache-maven-3.6.3\MavenRepository\maven_jar\org\hibernate\hibernate-core\5.4.12.Final\hibernate-core-5.4.12.Final.jar;C:\apache-maven-3.6.3\MavenRepository\maven_jar\org\jboss\logging\jboss-logging\3.4.1.Final\jboss-logging-3.4.1.Final.jar;C:\apache-maven-3.6.3\MavenRepository\maven_jar\org\javassist\javassist\3.24.0-GA\javassist-3.24.0-GA.jar;C:\apache-maven-3.6.3\MavenRepository\maven_jar\antlr\antlr\2.7.7\antlr-2.7.7.jar;C:\apache-maven-3.6.3\MavenRepository\maven_jar\org\jboss\jandex\2.1.1.Final\jandex-2.1.1.Final.jar;C:\apache-maven-3.6.3\MavenRepository\maven_jar\com\fasterxml\classmate\1.5.1\classmate-1.5.1.jar;C:\apache-maven-3.6.3\MavenRepository\maven_jar\org\dom4j\dom4j\2.1.1\dom4j-2.1.1.jar;C:\apache-maven-3.6.3\MavenRepository\maven_jar\org\hibernate\common\hibernate-commons-annotations\5.1.0.Final\hibernate-commons-annotations-5.1.0.Final.jar;C:\apache-maven-3.6.3\MavenRepository\maven_jar\org\glassfish\jaxb\jaxb-runtime\2.3.2\jaxb-runtime-2.3.2.jar;C:\apache-maven-3.6.3\MavenRepository\maven_jar\org\glassfish\jaxb\txw2\2.3.2\txw2-2.3.2.jar;C:\apache-maven-3.6.3\MavenRepository\maven_jar\com\sun\istack\istack-commons-runtime\3.0.8\istack-commons-runtime-3.0.8.jar;C:\apache-maven-3.6.3\MavenRepository\maven_jar\org\jvnet\staxex\stax-ex\1.8.1\stax-ex-1.8.1.jar;C:\apache-maven-3.6.3\MavenRepository\maven_jar\com\sun\xml\fastinfoset\FastInfoset\1.2.16\FastInfoset-1.2.16.jar;C:\apache-maven-3.6.3\MavenRepository\maven_jar\org\springframework\data\spring-data-jpa\2.2.5.RELEASE\spring-data-jpa-2.2.5.RELEASE.jar;C:\apache-maven-3.6.3\MavenRepository\maven_jar\org\springframework\data\spring-data-commons\2.2.5.RELEASE\spring-data-commons-2.2.5.RELEASE.jar;C:\apache-maven-3.6.3\MavenRepository\maven_jar\org\springframework\spring-orm\5.2.4.RELEASE\spring-orm-5.2.4.RELEASE.jar;C:\apache-maven-3.6.3\MavenRepository\maven_jar\org\springframework\spring-tx\5.2.4.RELEASE\spring-tx-5.2.4.RELEASE.jar;C:\apache-maven-3.6.3\MavenRepository\maven_jar\org\springframework\spring-aspects\5.2.4.RELEASE\spring-aspects-5.2.4.RELEASE.jar;C:\apache-maven-3.6.3\MavenRepository\maven_jar\javax\xml\bind\jaxb-api\2.3.0\jaxb-api-2.3.0.jar;C:\apache-maven-3.6.3\MavenRepository\maven_jar\com\sun\xml\bind\jaxb-impl\2.3.0\jaxb-impl-2.3.0.jar;C:\apache-maven-3.6.3\MavenRepository\maven_jar\com\sun\xml\bind\jaxb-core\2.3.0\jaxb-core-2.3.0.jar;C:\apache-maven-3.6.3\MavenRepository\maven_jar\commons-lang\commons-lang\2.4\commons-lang-2.4.jar;C:\apache-maven-3.6.3\MavenRepository\maven_jar\com\alibaba\fastjson\1.2.35\fastjson-1.2.35.jar;C:\apache-maven-3.6.3\MavenRepository\maven_jar\commons-io\commons-io\2.6\commons-io-2.6.jar;C:\apache-maven-3.6.3\MavenRepository\maven_jar\javax\activation\activation\1.1.1\activation-1.1.1.jar;"/>
    <property name="java.vm.vendor" value="Oracle Corporation"/>
    <property name="sun.arch.data.model" value="64"/>
    <property name="user.variant" value=""/>
    <property name="java.vendor.url" value="https://java.oracle.com/"/>
    <property name="user.timezone" value="Asia/Shanghai"/>
    <property name="os.name" value="Windows 10"/>
    <property name="java.vm.specification.version" value="13"/>
    <property name="sun.java.launcher" value="SUN_STANDARD"/>
    <property name="user.country" value="CN"/>
    <property name="sun.boot.library.path" value="C:\Program Files\Java\jdk-13.0.2\bin"/>
    <property name="sun.java.command" value="C:\Users\hasee\AppData\Local\Temp\surefire7403489159819554753\surefirebooter17137792646386188133.jar C:\Users\hasee\AppData\Local\Temp\surefire7403489159819554753 2020-05-31T18-56-20_976-jvmRun1 surefire10446904039291436819tmp surefire_011847136872806540023tmp"/>
    <property name="jdk.debug" value="release"/>
    <property name="surefire.test.class.path" value="D:\ideaProjects\springboot_market\target\test-classes;D:\ideaProjects\springboot_market\target\classes;C:\apache-maven-3.6.3\MavenRepository\maven_jar\org\springframework\boot\spring-boot-starter-web\2.2.5.RELEASE\spring-boot-starter-web-2.2.5.RELEASE.jar;C:\apache-maven-3.6.3\MavenRepository\maven_jar\org\springframework\boot\spring-boot-starter\2.2.5.RELEASE\spring-boot-starter-2.2.5.RELEASE.jar;C:\apache-maven-3.6.3\MavenRepository\maven_jar\org\springframework\boot\spring-boot-starter-logging\2.2.5.RELEASE\spring-boot-starter-logging-2.2.5.RELEASE.jar;C:\apache-maven-3.6.3\MavenRepository\maven_jar\ch\qos\logback\logback-classic\1.2.3\logback-classic-1.2.3.jar;C:\apache-maven-3.6.3\MavenRepository\maven_jar\ch\qos\logback\logback-core\1.2.3\logback-core-1.2.3.jar;C:\apache-maven-3.6.3\MavenRepository\maven_jar\org\apache\logging\log4j\log4j-to-slf4j\2.12.1\log4j-to-slf4j-2.12.1.jar;C:\apache-maven-3.6.3\MavenRepository\maven_jar\org\apache\logging\log4j\log4j-api\2.12.1\log4j-api-2.12.1.jar;C:\apache-maven-3.6.3\MavenRepository\maven_jar\org\slf4j\jul-to-slf4j\1.7.30\jul-to-slf4j-1.7.30.jar;C:\apache-maven-3.6.3\MavenRepository\maven_jar\jakarta\annotation\jakarta.annotation-api\1.3.5\jakarta.annotation-api-1.3.5.jar;C:\apache-maven-3.6.3\MavenRepository\maven_jar\org\yaml\snakeyaml\1.25\snakeyaml-1.25.jar;C:\apache-maven-3.6.3\MavenRepository\maven_jar\org\springframework\boot\spring-boot-starter-json\2.2.5.RELEASE\spring-boot-starter-json-2.2.5.RELEASE.jar;C:\apache-maven-3.6.3\MavenRepository\maven_jar\com\fasterxml\jackson\core\jackson-databind\2.10.2\jackson-databind-2.10.2.jar;C:\apache-maven-3.6.3\MavenRepository\maven_jar\com\fasterxml\jackson\core\jackson-annotations\2.10.2\jackson-annotations-2.10.2.jar;C:\apache-maven-3.6.3\MavenRepository\maven_jar\com\fasterxml\jackson\core\jackson-core\2.10.2\jackson-core-2.10.2.jar;C:\apache-maven-3.6.3\MavenRepository\maven_jar\com\fasterxml\jackson\datatype\jackson-datatype-jdk8\2.10.2\jackson-datatype-jdk8-2.10.2.jar;C:\apache-maven-3.6.3\MavenRepository\maven_jar\com\fasterxml\jackson\datatype\jackson-datatype-jsr310\2.10.2\jackson-datatype-jsr310-2.10.2.jar;C:\apache-maven-3.6.3\MavenRepository\maven_jar\com\fasterxml\jackson\module\jackson-module-parameter-names\2.10.2\jackson-module-parameter-names-2.10.2.jar;C:\apache-maven-3.6.3\MavenRepository\maven_jar\org\springframework\boot\spring-boot-starter-tomcat\2.2.5.RELEASE\spring-boot-starter-tomcat-2.2.5.RELEASE.jar;C:\apache-maven-3.6.3\MavenRepository\maven_jar\org\apache\tomcat\embed\tomcat-embed-core\9.0.31\tomcat-embed-core-9.0.31.jar;C:\apache-maven-3.6.3\MavenRepository\maven_jar\org\apache\tomcat\embed\tomcat-embed-el\9.0.31\tomcat-embed-el-9.0.31.jar;C:\apache-maven-3.6.3\MavenRepository\maven_jar\org\apache\tomcat\embed\tomcat-embed-websocket\9.0.31\tomcat-embed-websocket-9.0.31.jar;C:\apache-maven-3.6.3\MavenRepository\maven_jar\org\springframework\boot\spring-boot-starter-validation\2.2.5.RELEASE\spring-boot-starter-validation-2.2.5.RELEASE.jar;C:\apache-maven-3.6.3\MavenRepository\maven_jar\jakarta\validation\jakarta.validation-api\2.0.2\jakarta.validation-api-2.0.2.jar;C:\apache-maven-3.6.3\MavenRepository\maven_jar\org\hibernate\validator\hibernate-validator\6.0.18.Final\hibernate-validator-6.0.18.Final.jar;C:\apache-maven-3.6.3\MavenRepository\maven_jar\org\springframework\spring-web\5.2.4.RELEASE\spring-web-5.2.4.RELEASE.jar;C:\apache-maven-3.6.3\MavenRepository\maven_jar\org\springframework\spring-beans\5.2.4.RELEASE\spring-beans-5.2.4.RELEASE.jar;C:\apache-maven-3.6.3\MavenRepository\maven_jar\org\springframework\spring-webmvc\5.2.4.RELEASE\spring-webmvc-5.2.4.RELEASE.jar;C:\apache-maven-3.6.3\MavenRepository\maven_jar\org\springframework\spring-aop\5.2.4.RELEASE\spring-aop-5.2.4.RELEASE.jar;C:\apache-maven-3.6.3\MavenRepository\maven_jar\org\springframework\spring-context\5.2.4.RELEASE\spring-context-5.2.4.RELEASE.jar;C:\apache-maven-3.6.3\MavenRepository\maven_jar\org\springframework\spring-expression\5.2.4.RELEASE\spring-expression-5.2.4.RELEASE.jar;C:\apache-maven-3.6.3\MavenRepository\maven_jar\org\springframework\boot\spring-boot-devtools\2.2.5.RELEASE\spring-boot-devtools-2.2.5.RELEASE.jar;C:\apache-maven-3.6.3\MavenRepository\maven_jar\org\springframework\boot\spring-boot\2.2.5.RELEASE\spring-boot-2.2.5.RELEASE.jar;C:\apache-maven-3.6.3\MavenRepository\maven_jar\org\springframework\boot\spring-boot-autoconfigure\2.2.5.RELEASE\spring-boot-autoconfigure-2.2.5.RELEASE.jar;C:\apache-maven-3.6.3\MavenRepository\maven_jar\org\springframework\boot\spring-boot-configuration-processor\2.2.5.RELEASE\spring-boot-configuration-processor-2.2.5.RELEASE.jar;C:\apache-maven-3.6.3\MavenRepository\maven_jar\org\projectlombok\lombok\1.18.12\lombok-1.18.12.jar;C:\apache-maven-3.6.3\MavenRepository\maven_jar\org\springframework\boot\spring-boot-starter-test\2.2.5.RELEASE\spring-boot-starter-test-2.2.5.RELEASE.jar;C:\apache-maven-3.6.3\MavenRepository\maven_jar\org\springframework\boot\spring-boot-test\2.2.5.RELEASE\spring-boot-test-2.2.5.RELEASE.jar;C:\apache-maven-3.6.3\MavenRepository\maven_jar\org\springframework\boot\spring-boot-test-autoconfigure\2.2.5.RELEASE\spring-boot-test-autoconfigure-2.2.5.RELEASE.jar;C:\apache-maven-3.6.3\MavenRepository\maven_jar\com\jayway\jsonpath\json-path\2.4.0\json-path-2.4.0.jar;C:\apache-maven-3.6.3\MavenRepository\maven_jar\net\minidev\json-smart\2.3\json-smart-2.3.jar;C:\apache-maven-3.6.3\MavenRepository\maven_jar\net\minidev\accessors-smart\1.2\accessors-smart-1.2.jar;C:\apache-maven-3.6.3\MavenRepository\maven_jar\org\ow2\asm\asm\5.0.4\asm-5.0.4.jar;C:\apache-maven-3.6.3\MavenRepository\maven_jar\org\slf4j\slf4j-api\1.7.30\slf4j-api-1.7.30.jar;C:\apache-maven-3.6.3\MavenRepository\maven_jar\jakarta\xml\bind\jakarta.xml.bind-api\2.3.2\jakarta.xml.bind-api-2.3.2.jar;C:\apache-maven-3.6.3\MavenRepository\maven_jar\org\junit\jupiter\junit-jupiter\5.5.2\junit-jupiter-5.5.2.jar;C:\apache-maven-3.6.3\MavenRepository\maven_jar\org\junit\jupiter\junit-jupiter-api\5.5.2\junit-jupiter-api-5.5.2.jar;C:\apache-maven-3.6.3\MavenRepository\maven_jar\org\apiguardian\apiguardian-api\1.1.0\apiguardian-api-1.1.0.jar;C:\apache-maven-3.6.3\MavenRepository\maven_jar\org\opentest4j\opentest4j\1.2.0\opentest4j-1.2.0.jar;C:\apache-maven-3.6.3\MavenRepository\maven_jar\org\junit\platform\junit-platform-commons\1.5.2\junit-platform-commons-1.5.2.jar;C:\apache-maven-3.6.3\MavenRepository\maven_jar\org\junit\jupiter\junit-jupiter-params\5.5.2\junit-jupiter-params-5.5.2.jar;C:\apache-maven-3.6.3\MavenRepository\maven_jar\org\junit\jupiter\junit-jupiter-engine\5.5.2\junit-jupiter-engine-5.5.2.jar;C:\apache-maven-3.6.3\MavenRepository\maven_jar\org\junit\platform\junit-platform-engine\1.5.2\junit-platform-engine-1.5.2.jar;C:\apache-maven-3.6.3\MavenRepository\maven_jar\org\mockito\mockito-junit-jupiter\3.1.0\mockito-junit-jupiter-3.1.0.jar;C:\apache-maven-3.6.3\MavenRepository\maven_jar\org\assertj\assertj-core\3.13.2\assertj-core-3.13.2.jar;C:\apache-maven-3.6.3\MavenRepository\maven_jar\org\hamcrest\hamcrest\2.1\hamcrest-2.1.jar;C:\apache-maven-3.6.3\MavenRepository\maven_jar\org\mockito\mockito-core\3.1.0\mockito-core-3.1.0.jar;C:\apache-maven-3.6.3\MavenRepository\maven_jar\net\bytebuddy\byte-buddy\1.10.8\byte-buddy-1.10.8.jar;C:\apache-maven-3.6.3\MavenRepository\maven_jar\net\bytebuddy\byte-buddy-agent\1.10.8\byte-buddy-agent-1.10.8.jar;C:\apache-maven-3.6.3\MavenRepository\maven_jar\org\objenesis\objenesis\2.6\objenesis-2.6.jar;C:\apache-maven-3.6.3\MavenRepository\maven_jar\org\skyscreamer\jsonassert\1.5.0\jsonassert-1.5.0.jar;C:\apache-maven-3.6.3\MavenRepository\maven_jar\com\vaadin\external\google\android-json\0.0.20131108.vaadin1\android-json-0.0.20131108.vaadin1.jar;C:\apache-maven-3.6.3\MavenRepository\maven_jar\org\springframework\spring-core\5.2.4.RELEASE\spring-core-5.2.4.RELEASE.jar;C:\apache-maven-3.6.3\MavenRepository\maven_jar\org\springframework\spring-jcl\5.2.4.RELEASE\spring-jcl-5.2.4.RELEASE.jar;C:\apache-maven-3.6.3\MavenRepository\maven_jar\org\springframework\spring-test\5.2.4.RELEASE\spring-test-5.2.4.RELEASE.jar;C:\apache-maven-3.6.3\MavenRepository\maven_jar\org\xmlunit\xmlunit-core\2.6.3\xmlunit-core-2.6.3.jar;C:\apache-maven-3.6.3\MavenRepository\maven_jar\mysql\mysql-connector-java\8.0.11\mysql-connector-java-8.0.11.jar;C:\apache-maven-3.6.3\MavenRepository\maven_jar\org\springframework\boot\spring-boot-starter-data-jpa\2.2.5.RELEASE\spring-boot-starter-data-jpa-2.2.5.RELEASE.jar;C:\apache-maven-3.6.3\MavenRepository\maven_jar\org\springframework\boot\spring-boot-starter-aop\2.2.5.RELEASE\spring-boot-starter-aop-2.2.5.RELEASE.jar;C:\apache-maven-3.6.3\MavenRepository\maven_jar\org\aspectj\aspectjweaver\1.9.5\aspectjweaver-1.9.5.jar;C:\apache-maven-3.6.3\MavenRepository\maven_jar\org\springframework\boot\spring-boot-starter-jdbc\2.2.5.RELEASE\spring-boot-starter-jdbc-2.2.5.RELEASE.jar;C:\apache-maven-3.6.3\MavenRepository\maven_jar\com\zaxxer\HikariCP\3.4.2\HikariCP-3.4.2.jar;C:\apache-maven-3.6.3\MavenRepository\maven_jar\org\springframework\spring-jdbc\5.2.4.RELEASE\spring-jdbc-5.2.4.RELEASE.jar;C:\apache-maven-3.6.3\MavenRepository\maven_jar\jakarta\activation\jakarta.activation-api\1.2.2\jakarta.activation-api-1.2.2.jar;C:\apache-maven-3.6.3\MavenRepository\maven_jar\jakarta\persistence\jakarta.persistence-api\2.2.3\jakarta.persistence-api-2.2.3.jar;C:\apache-maven-3.6.3\MavenRepository\maven_jar\jakarta\transaction\jakarta.transaction-api\1.3.3\jakarta.transaction-api-1.3.3.jar;C:\apache-maven-3.6.3\MavenRepository\maven_jar\org\hibernate\hibernate-core\5.4.12.Final\hibernate-core-5.4.12.Final.jar;C:\apache-maven-3.6.3\MavenRepository\maven_jar\org\jboss\logging\jboss-logging\3.4.1.Final\jboss-logging-3.4.1.Final.jar;C:\apache-maven-3.6.3\MavenRepository\maven_jar\org\javassist\javassist\3.24.0-GA\javassist-3.24.0-GA.jar;C:\apache-maven-3.6.3\MavenRepository\maven_jar\antlr\antlr\2.7.7\antlr-2.7.7.jar;C:\apache-maven-3.6.3\MavenRepository\maven_jar\org\jboss\jandex\2.1.1.Final\jandex-2.1.1.Final.jar;C:\apache-maven-3.6.3\MavenRepository\maven_jar\com\fasterxml\classmate\1.5.1\classmate-1.5.1.jar;C:\apache-maven-3.6.3\MavenRepository\maven_jar\org\dom4j\dom4j\2.1.1\dom4j-2.1.1.jar;C:\apache-maven-3.6.3\MavenRepository\maven_jar\org\hibernate\common\hibernate-commons-annotations\5.1.0.Final\hibernate-commons-annotations-5.1.0.Final.jar;C:\apache-maven-3.6.3\MavenRepository\maven_jar\org\glassfish\jaxb\jaxb-runtime\2.3.2\jaxb-runtime-2.3.2.jar;C:\apache-maven-3.6.3\MavenRepository\maven_jar\org\glassfish\jaxb\txw2\2.3.2\txw2-2.3.2.jar;C:\apache-maven-3.6.3\MavenRepository\maven_jar\com\sun\istack\istack-commons-runtime\3.0.8\istack-commons-runtime-3.0.8.jar;C:\apache-maven-3.6.3\MavenRepository\maven_jar\org\jvnet\staxex\stax-ex\1.8.1\stax-ex-1.8.1.jar;C:\apache-maven-3.6.3\MavenRepository\maven_jar\com\sun\xml\fastinfoset\FastInfoset\1.2.16\FastInfoset-1.2.16.jar;C:\apache-maven-3.6.3\MavenRepository\maven_jar\org\springframework\data\spring-data-jpa\2.2.5.RELEASE\spring-data-jpa-2.2.5.RELEASE.jar;C:\apache-maven-3.6.3\MavenRepository\maven_jar\org\springframework\data\spring-data-commons\2.2.5.RELEASE\spring-data-commons-2.2.5.RELEASE.jar;C:\apache-maven-3.6.3\MavenRepository\maven_jar\org\springframework\spring-orm\5.2.4.RELEASE\spring-orm-5.2.4.RELEASE.jar;C:\apache-maven-3.6.3\MavenRepository\maven_jar\org\springframework\spring-tx\5.2.4.RELEASE\spring-tx-5.2.4.RELEASE.jar;C:\apache-maven-3.6.3\MavenRepository\maven_jar\org\springframework\spring-aspects\5.2.4.RELEASE\spring-aspects-5.2.4.RELEASE.jar;C:\apache-maven-3.6.3\MavenRepository\maven_jar\javax\xml\bind\jaxb-api\2.3.0\jaxb-api-2.3.0.jar;C:\apache-maven-3.6.3\MavenRepository\maven_jar\com\sun\xml\bind\jaxb-impl\2.3.0\jaxb-impl-2.3.0.jar;C:\apache-maven-3.6.3\MavenRepository\maven_jar\com\sun\xml\bind\jaxb-core\2.3.0\jaxb-core-2.3.0.jar;C:\apache-maven-3.6.3\MavenRepository\maven_jar\commons-lang\commons-lang\2.4\commons-lang-2.4.jar;C:\apache-maven-3.6.3\MavenRepository\maven_jar\com\alibaba\fastjson\1.2.35\fastjson-1.2.35.jar;C:\apache-maven-3.6.3\MavenRepository\maven_jar\commons-io\commons-io\2.6\commons-io-2.6.jar;C:\apache-maven-3.6.3\MavenRepository\maven_jar\javax\activation\activation\1.1.1\activation-1.1.1.jar;"/>
    <property name="sun.cpu.endian" value="little"/>
    <property name="user.home" value="C:\Users\hasee"/>
    <property name="user.language" value="zh"/>
    <property name="java.specification.vendor" value="Oracle Corporation"/>
    <property name="java.version.date" value="2020-01-14"/>
    <property name="java.home" value="C:\Program Files\Java\jdk-13.0.2"/>
    <property name="file.separator" value="\"/>
    <property name="basedir" value="D:\ideaProjects\springboot_market"/>
    <property name="java.vm.compressedOopsMode" value="32-bit"/>
    <property name="line.separator" value="&#10;"/>
    <property name="java.vm.specification.vendor" value="Oracle Corporation"/>
    <property name="java.specification.name" value="Java Platform API Specification"/>
    <property name="idea.version2020.1.1" value="true"/>
    <property name="surefire.real.class.path" value="C:\Users\hasee\AppData\Local\Temp\surefire7403489159819554753\surefirebooter17137792646386188133.jar"/>
    <property name="user.script" value=""/>
    <property name="sun.management.compiler" value="HotSpot 64-Bit Tiered Compilers"/>
    <property name="java.runtime.version" value="13.0.2+8"/>
    <property name="user.name" value="hasee"/>
    <property name="path.separator" value=";"/>
    <property name="os.version" value="10.0"/>
    <property name="java.runtime.name" value="Java(TM) SE Runtime Environment"/>
    <property name="file.encoding" value="GBK"/>
    <property name="java.vm.name" value="Java HotSpot(TM) 64-Bit Server VM"/>
    <property name="localRepository" value="C:\apache-maven-3.6.3\MavenRepository\maven_jar"/>
    <property name="java.vendor.url.bug" value="https://bugreport.java.com/bugreport/"/>
    <property name="java.io.tmpdir" value="C:\Users\hasee\AppData\Local\Temp\"/>
    <property name="java.version" value="13.0.2"/>
    <property name="user.dir" value="D:\ideaProjects\springboot_market"/>
    <property name="os.arch" value="amd64"/>
    <property name="java.vm.specification.name" value="Java Virtual Machine Specification"/>
    <property name="sun.os.patch.level" value=""/>
    <property name="java.library.path" value="C:\Program Files\Java\jdk-13.0.2\bin;C:\WINDOWS\Sun\Java\bin;C:\WINDOWS\system32;C:\WINDOWS;C:\Program Files\Java\jdk-13.0.2\bin;C:\Program Files (x86)\Intel\Intel(R) Management Engine Components\iCLS\;C:\Program Files\Intel\Intel(R) Management Engine Components\iCLS\;C:\Windows\system32;C:\Windows;C:\Windows\System32\Wbem;C:\Windows\System32\WindowsPowerShell\v1.0\;C:\Program Files (x86)\Intel\Intel(R) Management Engine Components\DAL;C:\Program Files\Intel\Intel(R) Management Engine Components\DAL;C:\Program Files\Intel\WiFi\bin\;C:\Program Files\Common Files\Intel\WirelessCommon\;C:\Program Files (x86)\NVIDIA Corporation\PhysX\Common;C:\Program Files\NVIDIA Corporation\NVIDIA NvDLISR;C:\WINDOWS\system32;C:\WINDOWS;C:\WINDOWS\System32\Wbem;C:\WINDOWS\System32\WindowsPowerShell\v1.0\;C:\WINDOWS\System32\OpenSSH\;C:\Program Files (x86)\GtkSharp\2.12\bin;C:\Program Files\Git\cmd;C:\Program Files (x86)\HP\Unified Functional Testing\bin;C:\Program Files\TortoiseSVN\bin;C:\Program Files\VisualSVN Server\bin;C:\apache-maven-3.6.3\bin;C:\Program Files (x86)\nodejs\;C:\Program Files\MySQL\MySQL Shell 8.0\bin\;C:\Users\hasee\AppData\Local\Microsoft\WindowsApps;C:\Program Files\Intel\WiFi\bin\;C:\Program Files\Common Files\Intel\WirelessCommon\;C:\Users\hasee\AppData\Local\Android\Sdk\platform-tools;C:\Users\hasee\AppData\Roaming\npm;."/>
    <property name="java.vm.info" value="mixed mode, sharing"/>
    <property name="java.vendor" value="Oracle Corporation"/>
    <property name="java.vm.version" value="13.0.2+8"/>
    <property name="sun.io.unicode.encoding" value="UnicodeLittle"/>
    <property name="maven.repo.local" value="C:\apache-maven-3.6.3\MavenRepository\maven_jar"/>
    <property name="java.class.version" value="57.0"/>
  </properties>
  <testcase name="com.example.demo090.marketApplicationTests" classname="com.example.demo090.marketApplicationTests" time="0.324">
    <error message="Unable to find a @SpringBootConfiguration, you need to use @ContextConfiguration or @SpringBootTest(classes=...) with your test" type="java.lang.IllegalStateException">java.lang.IllegalStateException: Unable to find a @SpringBootConfiguration, you need to use @ContextConfiguration or @SpringBootTest(classes=...) with your test
</error>
    <system-out><![CDATA[18:56:21.943 [main] DEBUG org.springframework.test.context.BootstrapUtils - Instantiating CacheAwareContextLoaderDelegate from class [org.springframework.test.context.cache.DefaultCacheAwareContextLoaderDelegate]
18:56:21.955 [main] DEBUG org.springframework.test.context.BootstrapUtils - Instantiating BootstrapContext using constructor [public org.springframework.test.context.support.DefaultBootstrapContext(java.lang.Class,org.springframework.test.context.CacheAwareContextLoaderDelegate)]
18:56:21.985 [main] DEBUG org.springframework.test.context.BootstrapUtils - Instantiating TestContextBootstrapper for test class [com.example.demo090.marketApplicationTests] from class [org.springframework.boot.test.context.SpringBootTestContextBootstrapper]
18:56:22.001 [main] INFO org.springframework.boot.test.context.SpringBootTestContextBootstrapper - Neither @ContextConfiguration nor @ContextHierarchy found for test class [com.example.demo090.marketApplicationTests], using SpringBootContextLoader
18:56:22.006 [main] DEBUG org.springframework.test.context.support.AbstractContextLoader - Did not detect default resource location for test class [com.example.demo090.marketApplicationTests]: class path resource [com/example/demo090/marketApplicationTests-context.xml] does not exist
18:56:22.006 [main] DEBUG org.springframework.test.context.support.AbstractContextLoader - Did not detect default resource location for test class [com.example.demo090.marketApplicationTests]: class path resource [com/example/demo090/marketApplicationTestsContext.groovy] does not exist
18:56:22.006 [main] INFO org.springframework.test.context.support.AbstractContextLoader - Could not detect default resource locations for test class [com.example.demo090.marketApplicationTests]: no resource found for suffixes {-context.xml, Context.groovy}.
18:56:22.007 [main] INFO org.springframework.test.context.support.AnnotationConfigContextLoaderUtils - Could not detect default configuration classes for test class [com.example.demo090.marketApplicationTests]: marketApplicationTests does not declare any static, non-private, non-final, nested classes annotated with @Configuration.
18:56:22.045 [main] DEBUG org.springframework.test.context.support.ActiveProfilesUtils - Could not find an 'annotation declaring class' for annotation type [org.springframework.test.context.ActiveProfiles] and class [com.example.demo090.marketApplicationTests]
18:56:22.112 [main] DEBUG org.springframework.test.context.BootstrapUtils - Instantiating CacheAwareContextLoaderDelegate from class [org.springframework.test.context.cache.DefaultCacheAwareContextLoaderDelegate]
18:56:22.112 [main] DEBUG org.springframework.test.context.BootstrapUtils - Instantiating BootstrapContext using constructor [public org.springframework.test.context.support.DefaultBootstrapContext(java.lang.Class,org.springframework.test.context.CacheAwareContextLoaderDelegate)]
18:56:22.113 [main] DEBUG org.springframework.test.context.BootstrapUtils - Instantiating TestContextBootstrapper for test class [com.example.demo090.marketApplicationTests] from class [org.springframework.boot.test.context.SpringBootTestContextBootstrapper]
18:56:22.114 [main] INFO org.springframework.boot.test.context.SpringBootTestContextBootstrapper - Neither @ContextConfiguration nor @ContextHierarchy found for test class [com.example.demo090.marketApplicationTests], using SpringBootContextLoader
18:56:22.115 [main] DEBUG org.springframework.test.context.support.AbstractContextLoader - Did not detect default resource location for test class [com.example.demo090.marketApplicationTests]: class path resource [com/example/demo090/marketApplicationTests-context.xml] does not exist
18:56:22.116 [main] DEBUG org.springframework.test.context.support.AbstractContextLoader - Did not detect default resource location for test class [com.example.demo090.marketApplicationTests]: class path resource [com/example/demo090/marketApplicationTestsContext.groovy] does not exist
18:56:22.116 [main] INFO org.springframework.test.context.support.AbstractContextLoader - Could not detect default resource locations for test class [com.example.demo090.marketApplicationTests]: no resource found for suffixes {-context.xml, Context.groovy}.
18:56:22.117 [main] INFO org.springframework.test.context.support.AnnotationConfigContextLoaderUtils - Could not detect default configuration classes for test class [com.example.demo090.marketApplicationTests]: marketApplicationTests does not declare any static, non-private, non-final, nested classes annotated with @Configuration.
18:56:22.119 [main] DEBUG org.springframework.test.context.support.ActiveProfilesUtils - Could not find an 'annotation declaring class' for annotation type [org.springframework.test.context.ActiveProfiles] and class [com.example.demo090.marketApplicationTests]
18:56:22.147 [main] DEBUG org.springframework.test.context.BootstrapUtils - Instantiating CacheAwareContextLoaderDelegate from class [org.springframework.test.context.cache.DefaultCacheAwareContextLoaderDelegate]
18:56:22.148 [main] DEBUG org.springframework.test.context.BootstrapUtils - Instantiating BootstrapContext using constructor [public org.springframework.test.context.support.DefaultBootstrapContext(java.lang.Class,org.springframework.test.context.CacheAwareContextLoaderDelegate)]
18:56:22.148 [main] DEBUG org.springframework.test.context.BootstrapUtils - Instantiating TestContextBootstrapper for test class [com.example.demo090.marketApplicationTests] from class [org.springframework.boot.test.context.SpringBootTestContextBootstrapper]
18:56:22.150 [main] INFO org.springframework.boot.test.context.SpringBootTestContextBootstrapper - Neither @ContextConfiguration nor @ContextHierarchy found for test class [com.example.demo090.marketApplicationTests], using SpringBootContextLoader
18:56:22.151 [main] DEBUG org.springframework.test.context.support.AbstractContextLoader - Did not detect default resource location for test class [com.example.demo090.marketApplicationTests]: class path resource [com/example/demo090/marketApplicationTests-context.xml] does not exist
18:56:22.151 [main] DEBUG org.springframework.test.context.support.AbstractContextLoader - Did not detect default resource location for test class [com.example.demo090.marketApplicationTests]: class path resource [com/example/demo090/marketApplicationTestsContext.groovy] does not exist
18:56:22.152 [main] INFO org.springframework.test.context.support.AbstractContextLoader - Could not detect default resource locations for test class [com.example.demo090.marketApplicationTests]: no resource found for suffixes {-context.xml, Context.groovy}.
18:56:22.152 [main] INFO org.springframework.test.context.support.AnnotationConfigContextLoaderUtils - Could not detect default configuration classes for test class [com.example.demo090.marketApplicationTests]: marketApplicationTests does not declare any static, non-private, non-final, nested classes annotated with @Configuration.
18:56:22.154 [main] DEBUG org.springframework.test.context.support.ActiveProfilesUtils - Could not find an 'annotation declaring class' for annotation type [org.springframework.test.context.ActiveProfiles] and class [com.example.demo090.marketApplicationTests]
]]></system-out>
  </testcase>
</testsuite>